<?xml version="1.0" encoding="UTF-8"?>
<!-- Generated by org.testng.reporters.JUnitXMLReporter -->
<testsuite hostname="LAPTOP-LHHRG2RM" ignored="0" name="Test" tests="4" failures="0" timestamp="2021-03-23T01:40:58 IST" time="0.163" errors="0">
  <testcase name="Books" time="0.018" classname="testNGassignment.School"/>
  <testcase name="Student" time="0.003" classname="testNGassignment.School"/>
  <testcase name="Cash" time="0.003" classname="testNGassignment.Banking"/>
  <testcase name="f" time="0.003" classname="testNGassignment.Office"/>
</testsuite> <!-- Test -->
