<?xml version="1.0" encoding="UTF-8"?>
<!-- Generated by org.testng.reporters.JUnitXMLReporter -->
<testsuite hostname="LAPTOP-LHHRG2RM" ignored="4" name="Default test" tests="3" failures="0" timestamp="2021-03-23T13:32:07 IST" time="0.032" errors="0">
  <testcase name="bulk" time="0.004" classname="testNGassignment.School"/>
  <testcase name="books" time="0.001" classname="testNGassignment.School"/>
  <testcase name="Desk" time="0.001" classname="testNGassignment.Office"/>
  <testcase name="Staff" time="0.0" classname="testNGassignment.Office">
    <ignored/>
  </testcase> <!-- Staff -->
  <testcase name="Clerk" time="0.0" classname="testNGassignment.Banking">
    <ignored/>
  </testcase> <!-- Clerk -->
  <testcase name="Teacher" time="0.0" classname="testNGassignment.School">
    <ignored/>
  </testcase> <!-- Teacher -->
  <testcase name="Class" time="0.0" classname="testNGassignment.School">
    <ignored/>
  </testcase> <!-- Class -->
</testsuite> <!-- Default test -->
